<?xml version="1.0" encoding="UTF-8"?>
<testsuite xmlns:xsi="http://www.w3.org/2001/XMLSchema-instance" xsi:noNamespaceSchemaLocation="https://maven.apache.org/surefire/maven-surefire-plugin/xsd/surefire-test-report-3.0.xsd" version="3.0" name="com.example.agora.AgoraTokenServiceTest" time="0.152" tests="3" errors="0" skipped="0" failures="0">
  <properties>
    <property name="java.specification.version" value="21"/>
    <property name="sun.jnu.encoding" value="UTF-8"/>
    <property name="java.class.path" value="/Users/sam/Projects/1234/maven lib/agora-token-generator/target/test-classes:/Users/sam/Projects/1234/maven lib/agora-token-generator/target/classes:/Users/sam/.m2/repository/org/springframework/boot/spring-boot-starter/2.7.18/spring-boot-starter-2.7.18.jar:/Users/sam/.m2/repository/org/springframework/boot/spring-boot/2.7.18/spring-boot-2.7.18.jar:/Users/sam/.m2/repository/org/springframework/spring-context/5.3.31/spring-context-5.3.31.jar:/Users/sam/.m2/repository/org/springframework/spring-aop/5.3.31/spring-aop-5.3.31.jar:/Users/sam/.m2/repository/org/springframework/spring-beans/5.3.31/spring-beans-5.3.31.jar:/Users/sam/.m2/repository/org/springframework/spring-expression/5.3.31/spring-expression-5.3.31.jar:/Users/sam/.m2/repository/org/springframework/boot/spring-boot-autoconfigure/2.7.18/spring-boot-autoconfigure-2.7.18.jar:/Users/sam/.m2/repository/org/springframework/boot/spring-boot-starter-logging/2.7.18/spring-boot-starter-logging-2.7.18.jar:/Users/sam/.m2/repository/ch/qos/logback/logback-classic/1.2.12/logback-classic-1.2.12.jar:/Users/sam/.m2/repository/ch/qos/logback/logback-core/1.2.12/logback-core-1.2.12.jar:/Users/sam/.m2/repository/org/slf4j/slf4j-api/1.7.32/slf4j-api-1.7.32.jar:/Users/sam/.m2/repository/org/apache/logging/log4j/log4j-to-slf4j/2.17.2/log4j-to-slf4j-2.17.2.jar:/Users/sam/.m2/repository/org/apache/logging/log4j/log4j-api/2.17.2/log4j-api-2.17.2.jar:/Users/sam/.m2/repository/org/slf4j/jul-to-slf4j/1.7.36/jul-to-slf4j-1.7.36.jar:/Users/sam/.m2/repository/jakarta/annotation/jakarta.annotation-api/1.3.5/jakarta.annotation-api-1.3.5.jar:/Users/sam/.m2/repository/org/springframework/spring-core/5.3.31/spring-core-5.3.31.jar:/Users/sam/.m2/repository/org/springframework/spring-jcl/5.3.31/spring-jcl-5.3.31.jar:/Users/sam/.m2/repository/org/yaml/snakeyaml/1.30/snakeyaml-1.30.jar:/Users/sam/.m2/repository/commons-codec/commons-codec/1.15/commons-codec-1.15.jar:/Users/sam/.m2/repository/org/junit/jupiter/junit-jupiter-api/5.8.2/junit-jupiter-api-5.8.2.jar:/Users/sam/.m2/repository/org/opentest4j/opentest4j/1.2.0/opentest4j-1.2.0.jar:/Users/sam/.m2/repository/org/junit/platform/junit-platform-commons/1.8.2/junit-platform-commons-1.8.2.jar:/Users/sam/.m2/repository/org/apiguardian/apiguardian-api/1.1.2/apiguardian-api-1.1.2.jar:"/>
    <property name="java.vm.vendor" value="Oracle Corporation"/>
    <property name="sun.arch.data.model" value="64"/>
    <property name="java.vendor.url" value="https://java.oracle.com/"/>
    <property name="os.name" value="Mac OS X"/>
    <property name="java.vm.specification.version" value="21"/>
    <property name="sun.java.launcher" value="SUN_STANDARD"/>
    <property name="user.country" value="GB"/>
    <property name="sun.boot.library.path" value="/Library/Java/JavaVirtualMachines/jdk-21.jdk/Contents/Home/lib"/>
    <property name="sun.java.command" value="/Users/sam/Projects/1234/maven lib/agora-token-generator/target/surefire/surefirebooter-20250530161709549_3.jar /Users/sam/Projects/1234/maven lib/agora-token-generator/target/surefire 2025-05-30T16-17-09_421-jvmRun1 surefire-20250530161709549_1tmp surefire_0-20250530161709549_2tmp"/>
    <property name="http.nonProxyHosts" value="local|*.local|169.254/16|*.169.254/16"/>
    <property name="jdk.debug" value="release"/>
    <property name="surefire.test.class.path" value="/Users/sam/Projects/1234/maven lib/agora-token-generator/target/test-classes:/Users/sam/Projects/1234/maven lib/agora-token-generator/target/classes:/Users/sam/.m2/repository/org/springframework/boot/spring-boot-starter/2.7.18/spring-boot-starter-2.7.18.jar:/Users/sam/.m2/repository/org/springframework/boot/spring-boot/2.7.18/spring-boot-2.7.18.jar:/Users/sam/.m2/repository/org/springframework/spring-context/5.3.31/spring-context-5.3.31.jar:/Users/sam/.m2/repository/org/springframework/spring-aop/5.3.31/spring-aop-5.3.31.jar:/Users/sam/.m2/repository/org/springframework/spring-beans/5.3.31/spring-beans-5.3.31.jar:/Users/sam/.m2/repository/org/springframework/spring-expression/5.3.31/spring-expression-5.3.31.jar:/Users/sam/.m2/repository/org/springframework/boot/spring-boot-autoconfigure/2.7.18/spring-boot-autoconfigure-2.7.18.jar:/Users/sam/.m2/repository/org/springframework/boot/spring-boot-starter-logging/2.7.18/spring-boot-starter-logging-2.7.18.jar:/Users/sam/.m2/repository/ch/qos/logback/logback-classic/1.2.12/logback-classic-1.2.12.jar:/Users/sam/.m2/repository/ch/qos/logback/logback-core/1.2.12/logback-core-1.2.12.jar:/Users/sam/.m2/repository/org/slf4j/slf4j-api/1.7.32/slf4j-api-1.7.32.jar:/Users/sam/.m2/repository/org/apache/logging/log4j/log4j-to-slf4j/2.17.2/log4j-to-slf4j-2.17.2.jar:/Users/sam/.m2/repository/org/apache/logging/log4j/log4j-api/2.17.2/log4j-api-2.17.2.jar:/Users/sam/.m2/repository/org/slf4j/jul-to-slf4j/1.7.36/jul-to-slf4j-1.7.36.jar:/Users/sam/.m2/repository/jakarta/annotation/jakarta.annotation-api/1.3.5/jakarta.annotation-api-1.3.5.jar:/Users/sam/.m2/repository/org/springframework/spring-core/5.3.31/spring-core-5.3.31.jar:/Users/sam/.m2/repository/org/springframework/spring-jcl/5.3.31/spring-jcl-5.3.31.jar:/Users/sam/.m2/repository/org/yaml/snakeyaml/1.30/snakeyaml-1.30.jar:/Users/sam/.m2/repository/commons-codec/commons-codec/1.15/commons-codec-1.15.jar:/Users/sam/.m2/repository/org/junit/jupiter/junit-jupiter-api/5.8.2/junit-jupiter-api-5.8.2.jar:/Users/sam/.m2/repository/org/opentest4j/opentest4j/1.2.0/opentest4j-1.2.0.jar:/Users/sam/.m2/repository/org/junit/platform/junit-platform-commons/1.8.2/junit-platform-commons-1.8.2.jar:/Users/sam/.m2/repository/org/apiguardian/apiguardian-api/1.1.2/apiguardian-api-1.1.2.jar:"/>
    <property name="sun.cpu.endian" value="little"/>
    <property name="user.home" value="/Users/sam"/>
    <property name="user.language" value="en"/>
    <property name="java.specification.vendor" value="Oracle Corporation"/>
    <property name="java.version.date" value="2023-10-17"/>
    <property name="java.home" value="/Library/Java/JavaVirtualMachines/jdk-21.jdk/Contents/Home"/>
    <property name="file.separator" value="/"/>
    <property name="basedir" value="/Users/sam/Projects/1234/maven lib/agora-token-generator"/>
    <property name="java.vm.compressedOopsMode" value="Zero based"/>
    <property name="line.separator" value="&#10;"/>
    <property name="java.vm.specification.vendor" value="Oracle Corporation"/>
    <property name="java.specification.name" value="Java Platform API Specification"/>
    <property name="apple.awt.application.name" value="ForkedBooter"/>
    <property name="surefire.real.class.path" value="/Users/sam/Projects/1234/maven lib/agora-token-generator/target/surefire/surefirebooter-20250530161709549_3.jar"/>
    <property name="sun.management.compiler" value="HotSpot 64-Bit Tiered Compilers"/>
    <property name="ftp.nonProxyHosts" value="local|*.local|169.254/16|*.169.254/16"/>
    <property name="java.runtime.version" value="21.0.1+12-LTS-29"/>
    <property name="user.name" value="sam"/>
    <property name="stdout.encoding" value="UTF-8"/>
    <property name="path.separator" value=":"/>
    <property name="os.version" value="15.3.2"/>
    <property name="java.runtime.name" value="Java(TM) SE Runtime Environment"/>
    <property name="file.encoding" value="UTF-8"/>
    <property name="java.vm.name" value="Java HotSpot(TM) 64-Bit Server VM"/>
    <property name="localRepository" value="/Users/sam/.m2/repository"/>
    <property name="java.vendor.url.bug" value="https://bugreport.java.com/bugreport/"/>
    <property name="java.io.tmpdir" value="/var/folders/ps/742tlhbn0b7cllchq0pprhy80000gr/T/"/>
    <property name="java.version" value="21.0.1"/>
    <property name="user.dir" value="/Users/sam/Projects/1234/maven lib/agora-token-generator"/>
    <property name="os.arch" value="x86_64"/>
    <property name="java.vm.specification.name" value="Java Virtual Machine Specification"/>
    <property name="native.encoding" value="UTF-8"/>
    <property name="java.library.path" value="/Users/sam/Library/Java/Extensions:/Library/Java/Extensions:/Network/Library/Java/Extensions:/System/Library/Java/Extensions:/usr/lib/java:."/>
    <property name="java.vm.info" value="mixed mode, sharing"/>
    <property name="stderr.encoding" value="UTF-8"/>
    <property name="java.vendor" value="Oracle Corporation"/>
    <property name="java.vm.version" value="21.0.1+12-LTS-29"/>
    <property name="sun.io.unicode.encoding" value="UnicodeBig"/>
    <property name="socksNonProxyHosts" value="local|*.local|169.254/16|*.169.254/16"/>
    <property name="java.class.version" value="65.0"/>
  </properties>
  <testcase name="testGeneratePatientUidToken" classname="com.example.agora.AgoraTokenServiceTest" time="0.12">
    <system-out><![CDATA[UID-based token: UID=1001, Channel=test-channel-123, Expires=1800s
Patient UID token: 007eJxTYJh260WuYHb7hqvl9yyn6m+3ETq945hTTV6vfNdnxXtTuJwUGFLN0wwtk0ySkxNTUkxMk9MSzc3TTMyNLC2MEy2SLUwt1vVYZnCwMzC0vd4ZwcjAyMACxCA+E5hkBpMsYFKAoSS1uEQ3OSMxLy81R9fQyJiFwdDAwBAA9Poksw==
]]></system-out>
  </testcase>
  <testcase name="testGenerateDynamicUidToken" classname="com.example.agora.AgoraTokenServiceTest" time="0.003">
    <system-out><![CDATA[UID-based token: UID=0, Channel=test-channel-123, Expires=1800s
Dynamic UID token (uid=0): 007eJxTYLBzWOJiOz2v1GqZ4veVqaZrlTULau972VxsW5DbKOza9V+BIdU8zdAyySQ5OTElxcQ0OS3R3DzNxNzI0sI40SLZwtRiXY9lBgc7A8OtCb8PMjIwMrAAMYjPBCaZwSQLmBRgKEktLtFNzkjMy0vN0TU0MmZgAAClDyLZ
]]></system-out>
  </testcase>
  <testcase name="testGenerateDoctorUidToken" classname="com.example.agora.AgoraTokenServiceTest" time="0.002">
    <system-out><![CDATA[UID-based token: UID=2001, Channel=test-channel-123, Expires=1800s
Doctor UID token: 007eJxTYPi6+v6Dc29rHE9FnnBmzj7TJla1cFXiRo+Z8W9rrhjPO62owJBqnmZomWSSnJyYkmJimpyWaG6eZmJuZGlhnGiRbGFqsa7HMoODnYEhb6Z4JyMDIwMLEIP4TGCSGUyygEkBhpLU4hLd5IzEvLzUHF1DI2MWBiMDA0MAmrIlpA==
]]></system-out>
  </testcase>
</testsuite>